c:\users\wmike\source\repos\risk-game\risk-game\risk-game\x64\debug\vc142.pdb
c:\users\wmike\source\repos\risk-game\risk-game\risk-game\x64\debug\vc142.idb
c:\users\wmike\source\repos\risk-game\risk-game\risk-game\x64\debug\reinforcedriver.obj
c:\users\wmike\source\repos\risk-game\risk-game\risk-game\x64\debug\playerdriver.obj
c:\users\wmike\source\repos\risk-game\risk-game\risk-game\x64\debug\playerattackdriver.obj
c:\users\wmike\source\repos\risk-game\risk-game\risk-game\x64\debug\maploaderdriver.obj
c:\users\wmike\source\repos\risk-game\risk-game\risk-game\x64\debug\maploader.obj
c:\users\wmike\source\repos\risk-game\risk-game\risk-game\x64\debug\mapdriver.obj
c:\users\wmike\source\repos\risk-game\risk-game\risk-game\x64\debug\map.obj
c:\users\wmike\source\repos\risk-game\risk-game\risk-game\x64\debug\gameenginedriver.obj
c:\users\wmike\source\repos\risk-game\risk-game\risk-game\x64\debug\gameengine.obj
c:\users\wmike\source\repos\risk-game\risk-game\risk-game\x64\debug\dicedriver.obj
c:\users\wmike\source\repos\risk-game\risk-game\risk-game\x64\debug\dice.obj
c:\users\wmike\source\repos\risk-game\risk-game\risk-game\x64\debug\cardsdriver.obj
c:\users\wmike\source\repos\risk-game\risk-game\risk-game\x64\debug\cards.obj
c:\users\wmike\source\repos\risk-game\risk-game\risk-game\x64\debug\player.obj
c:\users\wmike\source\repos\risk-game\risk-game\x64\debug\risk-game.pdb
c:\users\wmike\source\repos\risk-game\risk-game\risk-game\x64\debug\risk-game.tlog\cl.command.1.tlog
c:\users\wmike\source\repos\risk-game\risk-game\risk-game\x64\debug\risk-game.tlog\cl.read.1.tlog
c:\users\wmike\source\repos\risk-game\risk-game\risk-game\x64\debug\risk-game.tlog\cl.write.1.tlog
c:\users\wmike\source\repos\risk-game\risk-game\risk-game\x64\debug\risk-game.tlog\link.16336-cvtres.read.1.tlog
c:\users\wmike\source\repos\risk-game\risk-game\risk-game\x64\debug\risk-game.tlog\link.16336-cvtres.write.1.tlog
c:\users\wmike\source\repos\risk-game\risk-game\risk-game\x64\debug\risk-game.tlog\link.16336-rc.read.1.tlog
c:\users\wmike\source\repos\risk-game\risk-game\risk-game\x64\debug\risk-game.tlog\link.16336-rc.write.1.tlog
c:\users\wmike\source\repos\risk-game\risk-game\risk-game\x64\debug\risk-game.tlog\link.16336.read.1.tlog
c:\users\wmike\source\repos\risk-game\risk-game\risk-game\x64\debug\risk-game.tlog\link.16336.write.1.tlog
c:\users\wmike\source\repos\risk-game\risk-game\risk-game\x64\debug\risk-game.tlog\link.command.1.tlog
c:\users\wmike\source\repos\risk-game\risk-game\risk-game\x64\debug\risk-game.tlog\link.read.1.tlog
c:\users\wmike\source\repos\risk-game\risk-game\risk-game\x64\debug\risk-game.tlog\link.write.1.tlog
